14944,   0.01,   0.00,
 3840,   0.00,   0.00,
 7840,   0.00,   0.00,
 6752,   0.00,   0.16,
11616,   0.00,   0.09,
 4416,   0.00,   0.00,
 4320,   0.00,   0.00,
 9952,   0.01,   0.10,
10464,   0.01,   0.10,
25216,   0.23,   0.06,
23424,   0.25,   0.07,
23360,   0.25,   0.07,
 9440,   0.01,   0.11,
 9056,   0.01,   0.11,
 9888,   0.01,   0.11,
 9664,   0.01,   0.11,
 9920,   0.02,   0.10,
12864,   0.01,   0.08,
75776,   0.00,   0.03,
 5472,   0.00,   0.10,
 8576,   0.00,   0.06,
10976,   0.02,   0.10,
53184,   0.00,   0.03,
10208,   0.02,   0.10,
24352,   0.24,   0.06,
 8608,   0.00,   0.24,
 7168,   0.00,   0.15,
10816,   0.00,   0.10,
 4256,   0.00,   0.00,
 4512,   0.00,   0.00,
10016,   0.01,   0.10,
 9568,   0.01,   0.11,
45504,   0.39,   0.06,
12384,   0.02,   0.25,
45408,   0.39,   0.06,
14880,   0.00,   0.42,
66400,   0.27,   0.07,
 8640,   0.00,   0.24,
 7072,   0.00,   0.15,
11264,   0.00,   0.09,
 4512,   0.00,   0.00,
 4544,   0.00,   0.00,
 9760,   0.01,   0.11,
 9600,   0.01,   0.11,
24672,   0.24,   0.06,
23232,   0.25,   0.07,
23168,   0.25,   0.07,
 9280,   0.01,   0.11,
 9152,   0.01,   0.11,
 9888,   0.01,   0.10,
 9472,   0.01,   0.11,
10048,   0.02,   0.10,
12960,   0.01,   0.08,
75744,   0.00,   0.03,
 5792,   0.00,   0.09,
 8544,   0.00,   0.06,
10528,   0.02,   0.10,
53248,   0.00,   0.03,
10144,   0.02,   0.10,
24544,   0.24,   0.06,
 8736,   0.00,   0.24,
 7072,   0.00,   0.15,
10912,   0.00,   0.10,
 4672,   0.00,   0.00,
 4384,   0.00,   0.00,
10048,   0.01,   0.10,
 9728,   0.01,   0.11,
45888,   0.38,   0.06,
12576,   0.02,   0.25,
45408,   0.39,   0.06,
14848,   0.00,   0.42,
65024,   0.27,   0.07,
 8928,   0.00,   0.23,
 7104,   0.00,   0.15,
11392,   0.00,   0.09,
 4064,   0.00,   0.00,
 4160,   0.00,   0.00,
10240,   0.01,   0.10,
 9664,   0.01,   0.11,
24768,   0.24,   0.06,
23552,   0.25,   0.07,
23360,   0.25,   0.07,
 9408,   0.01,   0.11,
 9056,   0.01,   0.11,
 9792,   0.01,   0.11,
 9600,   0.01,   0.11,
 9952,   0.02,   0.10,
13120,   0.01,   0.08,
75872,   0.00,   0.03,
 5792,   0.00,   0.09,
 8384,   0.00,   0.06,
10432,   0.02,   0.10,
53376,   0.00,   0.03,
10080,   0.02,   0.10,
24448,   0.24,   0.06,
 8928,   0.00,   0.23,
 7200,   0.00,   0.14,
11200,   0.00,   0.09,
 4416,   0.00,   0.00,
 4544,   0.00,   0.00,
 9888,   0.01,   0.11,
 9504,   0.01,   0.11,
45600,   0.39,   0.06,
12512,   0.02,   0.25,
45504,   0.39,   0.06,
15200,   0.00,   0.41,
64896,   0.27,   0.07,
 8480,   0.00,   0.24,
 7104,   0.00,   0.15,
11296,   0.00,   0.09,
 4672,   0.00,   0.00,
 4736,   0.00,   0.00,
 9824,   0.01,   0.11,
 9984,   0.01,   0.10,
24288,   0.24,   0.06,
23168,   0.25,   0.07,
23040,   0.26,   0.07,
 9280,   0.01,   0.11,
 8896,   0.01,   0.12,
10016,   0.01,   0.10,
 9664,   0.01,   0.11,
 9856,   0.02,   0.11,
13056,   0.01,   0.08,
75904,   0.00,   0.03,
 5824,   0.00,   0.09,
 8544,   0.00,   0.06,
10432,   0.02,   0.10,
53344,   0.00,   0.03,
10240,   0.02,   0.10,
24288,   0.24,   0.06,
 8704,   0.00,   0.24,
 7008,   0.00,   0.15,
11008,   0.00,   0.10,
 4640,   0.00,   0.00,
 4320,   0.00,   0.00,
 9856,   0.01,   0.11,
 9600,   0.01,   0.11,
46560,   0.38,   0.06,
12384,   0.02,   0.25,
45568,   0.39,   0.06,
14528,   0.00,   0.43,
65568,   0.27,   0.07,
 8672,   0.00,   0.24,
 7200,   0.00,   0.14,
11392,   0.00,   0.09,
 4128,   0.00,   0.00,
 4320,   0.00,   0.00,
 9792,   0.01,   0.11,
 9728,   0.01,   0.11,
24768,   0.24,   0.06,
23264,   0.25,   0.07,
23232,   0.25,   0.07,
 9312,   0.01,   0.11,
 9248,   0.01,   0.11,
10016,   0.01,   0.10,
 9504,   0.01,   0.11,
10016,   0.02,   0.10,
13152,   0.01,   0.08,
75776,   0.00,   0.03,
 5984,   0.00,   0.09,
 8512,   0.00,   0.06,
10592,   0.02,   0.10,
53504,   0.00,   0.03,
10080,   0.02,   0.10,
24448,   0.24,   0.06,
 8608,   0.00,   0.24,
 7136,   0.00,   0.15,
10976,   0.00,   0.10,
 4352,   0.00,   0.00,
 4576,   0.00,   0.00,
 9824,   0.01,   0.11,
 9536,   0.01,   0.11,
45952,   0.38,   0.06,
12096,   0.02,   0.26,
46048,   0.38,   0.06,
15168,   0.00,   0.41,
64928,   0.27,   0.07,
 8608,   0.00,   0.24,
 7104,   0.00,   0.15,
11360,   0.00,   0.09,
 4448,   0.00,   0.00,
 4544,   0.00,   0.00,
 9792,   0.01,   0.11,
 9728,   0.01,   0.11,
24544,   0.24,   0.06,
23168,   0.25,   0.07,
23456,   0.25,   0.07,
 9376,   0.01,   0.11,
 8992,   0.01,   0.12,
 9760,   0.01,   0.11,
 9632,   0.01,   0.11,
10240,   0.02,   0.10,
12800,   0.01,   0.08,
75680,   0.00,   0.03,
 5888,   0.00,   0.09,
 8544,   0.00,   0.06,
10496,   0.02,   0.10,
53248,   0.00,   0.03,
10048,   0.02,   0.10,
24384,   0.24,   0.06,
 8736,   0.00,   0.24,
 7104,   0.00,   0.15,
10848,   0.00,   0.10,
 4480,   0.00,   0.00,
 4352,   0.00,   0.00,
 9920,   0.01,   0.10,
 9504,   0.01,   0.11,
45664,   0.39,   0.06,
12704,   0.02,   0.24,
46016,   0.38,   0.06,
14720,   0.00,   0.42,
64768,   0.27,   0.07,
 8672,   0.00,   0.24,
 7104,   0.00,   0.15,
11008,   0.00,   0.10,
 4352,   0.00,   0.00,
 4224,   0.00,   0.00,
 9824,   0.01,   0.11,
 9664,   0.01,   0.11,
25024,   0.24,   0.06,
23296,   0.25,   0.07,
23296,   0.25,   0.07,
 9184,   0.01,   0.11,
 9344,   0.01,   0.11,
 9920,   0.01,   0.10,
 9632,   0.01,   0.11,
 9952,   0.02,   0.10,
12768,   0.01,   0.08,
75968,   0.00,   0.03,
 5856,   0.00,   0.09,
 8416,   0.00,   0.06,
10528,   0.02,   0.10,
53088,   0.00,   0.03,
10432,   0.02,   0.10,
24768,   0.24,   0.06,
 8704,   0.00,   0.24,
 7136,   0.00,   0.14,
11008,   0.00,   0.10,
 4288,   0.00,   0.00,
 4608,   0.00,   0.00,
 9888,   0.01,   0.11,
 9504,   0.01,   0.11,
46112,   0.38,   0.06,
12640,   0.02,   0.25,
45536,   0.39,   0.06,
15200,   0.00,   0.41,
65152,   0.27,   0.07,
 8832,   0.00,   0.24,
 7040,   0.00,   0.15,
11392,   0.00,   0.09,
 4512,   0.00,   0.00,
 4512,   0.00,   0.00,
 9888,   0.01,   0.11,
 9632,   0.01,   0.11,
24576,   0.24,   0.06,
23328,   0.25,   0.07,
23360,   0.25,   0.07,
 9408,   0.01,   0.11,
 9312,   0.01,   0.11,
 9792,   0.01,   0.11,
 9568,   0.01,   0.11,
 9984,   0.02,   0.10,
12800,   0.01,   0.08,
75872,   0.00,   0.03,
 5888,   0.00,   0.09,
 8448,   0.00,   0.06,
10656,   0.02,   0.10,
53120,   0.00,   0.03,
10400,   0.02,   0.10,
24224,   0.24,   0.06,
 8768,   0.00,   0.24,
 7328,   0.00,   0.14,
11072,   0.00,   0.10,
 4640,   0.00,   0.00,
 4576,   0.00,   0.00,
 9792,   0.01,   0.11,
 9600,   0.01,   0.11,
45600,   0.39,   0.06,
12384,   0.02,   0.25,
45344,   0.39,   0.06,
14560,   0.00,   0.43,
68288,   0.26,   0.07,
 8736,   0.00,   0.24,
 7104,   0.00,   0.15,
11392,   0.00,   0.09,
 4288,   0.00,   0.00,
 4352,   0.00,   0.00,
 9856,   0.01,   0.11,
 9664,   0.01,   0.11,
75296,   0.31,   0.43